0 info it worked if it ends with ok
1 verbose cli [ '/home/ubuntu/.nvm/versions/node/v4.4.0/bin/node',
1 verbose cli   '/home/ubuntu/.nvm/versions/node/v4.4.0/bin/npm',
1 verbose cli   '--color=always',
1 verbose cli   'view',
1 verbose cli   '@bararan/npm_proj' ]
2 info using npm@3.8.5
3 info using node@v4.4.0
4 silly mapToRegistry name @bararan/npm_proj
5 silly mapToRegistry scope (from package name) @bararan
6 verbose mapToRegistry no registry URL found in name for scope @bararan
7 silly mapToRegistry using default registry
8 silly mapToRegistry registry http://localhost:15443/
9 silly mapToRegistry data Result {
9 silly mapToRegistry   raw: '@bararan/npm_proj',
9 silly mapToRegistry   scope: '@bararan',
9 silly mapToRegistry   name: '@bararan/npm_proj',
9 silly mapToRegistry   rawSpec: '',
9 silly mapToRegistry   spec: 'latest',
9 silly mapToRegistry   type: 'tag' }
10 silly mapToRegistry uri http://localhost:15443/@bararan%2fnpm_proj
11 verbose request uri http://localhost:15443/@bararan%2fnpm_proj
12 verbose request no auth needed
13 info attempt registry request try #1 at 6:31:12 PM
14 verbose request id 9fd708147c2529bd
15 http request GET http://localhost:15443/@bararan%2fnpm_proj
16 info retry will retry, error on last attempt: Error: connect ECONNREFUSED 127.0.0.1:15443
17 info attempt registry request try #2 at 6:31:23 PM
18 http request GET http://localhost:15443/@bararan%2fnpm_proj
19 info retry will retry, error on last attempt: Error: connect ECONNREFUSED 127.0.0.1:15443
20 info attempt registry request try #3 at 6:32:23 PM
21 http request GET http://localhost:15443/@bararan%2fnpm_proj
22 silly get cb [ 304, undefined ]
23 verbose stack Error: failed to fetch from registry: http://localhost:15443/@bararan%2fnpm_proj
23 verbose stack     at /home/ubuntu/.nvm/versions/node/v4.4.0/lib/node_modules/npm/lib/cache/caching-client.js:158:27
23 verbose stack     at /home/ubuntu/.nvm/versions/node/v4.4.0/lib/node_modules/npm/lib/cache/caching-client.js:53:8
23 verbose stack     at f (/home/ubuntu/.nvm/versions/node/v4.4.0/lib/node_modules/npm/node_modules/once/once.js:17:25)
23 verbose stack     at /home/ubuntu/.nvm/versions/node/v4.4.0/lib/node_modules/npm/node_modules/npm-registry-client/lib/request.js:89:10
23 verbose stack     at f (/home/ubuntu/.nvm/versions/node/v4.4.0/lib/node_modules/npm/node_modules/once/once.js:17:25)
23 verbose stack     at CachingRegistryClient.<anonymous> (/home/ubuntu/.nvm/versions/node/v4.4.0/lib/node_modules/npm/node_modules/npm-registry-client/lib/request.js:186:20)
23 verbose stack     at Request._callback (/home/ubuntu/.nvm/versions/node/v4.4.0/lib/node_modules/npm/node_modules/npm-registry-client/lib/request.js:163:20)
23 verbose stack     at self.callback (/home/ubuntu/.nvm/versions/node/v4.4.0/lib/node_modules/npm/node_modules/request/request.js:199:22)
23 verbose stack     at emitOne (events.js:82:20)
23 verbose stack     at Request.emit (events.js:169:7)
24 verbose cwd /home/ubuntu/workspace/fcc_projects/npm_proj
25 error Linux 4.2.0-c9
26 error argv "/home/ubuntu/.nvm/versions/node/v4.4.0/bin/node" "/home/ubuntu/.nvm/versions/node/v4.4.0/bin/npm" "--color=always" "view" "@bararan/npm_proj"
27 error node v4.4.0
28 error npm  v3.8.5
29 error failed to fetch from registry: http://localhost:15443/@bararan%2fnpm_proj
30 error If you need help, you may report this error at:
30 error     <https://github.com/npm/npm/issues>
31 verbose exit [ 1, true ]
